# JRE version: Java(TM) SE Runtime Environment (7.0_80-b15) (build 1.7.0_80-b15)
# Java VM: Java HotSpot(TM) 64-Bit Server VM (24.80-b11 mixed mode linux-amd64 compressed oops)
Heap
 PSYoungGen      total 240640K, used 108880K [0x00000000eaa80000, 0x00000000ffa00000, 0x0000000100000000)
  eden space 205312K, 35% used [0x00000000eaa80000,0x00000000ef29cd18,0x00000000f7300000)
  from space 35328K, 99% used [0x00000000f7300000,0x00000000f9537658,0x00000000f9580000)
  to   space 69120K, 0% used [0x00000000fb680000,0x00000000fb680000,0x00000000ffa00000)
 ParOldGen       total 463872K, used 281610K [0x00000000c0000000, 0x00000000dc500000, 0x00000000eaa80000)
  object space 463872K, 60% used [0x00000000c0000000,0x00000000d1302aa0,0x00000000dc500000)
 PSPermGen       total 21504K, used 6192K [0x00000000bae00000, 0x00000000bc300000, 0x00000000c0000000)
  object space 21504K, 28% used [0x00000000bae00000,0x00000000bb40c3a0,0x00000000bc300000)
GC Heap History (10 events):
Event: 9.032 GC heap before
{Heap before GC invocations=14 (full 2):
 PSYoungGen      total 279552K, used 237070K [0x00000000eaa80000, 0x0000000100000000, 0x0000000100000000)
  eden space 209408K, 100% used [0x00000000eaa80000,0x00000000f7700000,0x00000000f7700000)
  from space 70144K, 39% used [0x00000000f7700000,0x00000000f9203b18,0x00000000fbb80000)
  to   space 68096K, 0% used [0x00000000fbd80000,0x00000000fbd80000,0x0000000100000000)
 ParOldGen       total 283648K, used 157836K [0x00000000c0000000, 0x00000000d1500000, 0x00000000eaa80000)
  object space 283648K, 55% used [0x00000000c0000000,0x00000000c9a23040,0x00000000d1500000)
 PSPermGen       total 21504K, used 5802K [0x00000000bae00000, 0x00000000bc300000, 0x00000000c0000000)
  object space 21504K, 26% used [0x00000000bae00000,0x00000000bb3aa830,0x00000000bc300000)
Event: 9.116 GC heap after
Heap after GC invocations=14 (full 2):
 PSYoungGen      total 273408K, used 32941K [0x00000000eaa80000, 0x00000000ffa00000, 0x0000000100000000)
  eden space 211456K, 0% used [0x00000000eaa80000,0x00000000eaa80000,0x00000000f7900000)
  from space 61952K, 53% used [0x00000000fbd80000,0x00000000fddab6a8,0x00000000ffa00000)
  to   space 66048K, 0% used [0x00000000f7900000,0x00000000f7900000,0x00000000fb980000)
 ParOldGen       total 283648K, used 184568K [0x00000000c0000000, 0x00000000d1500000, 0x00000000eaa80000)
  object space 283648K, 65% used [0x00000000c0000000,0x00000000cb43e338,0x00000000d1500000)
 PSPermGen       total 21504K, used 5802K [0x00000000bae00000, 0x00000000bc300000, 0x00000000c0000000)
  object space 21504K, 26% used [0x00000000bae00000,0x00000000bb3aa830,0x00000000bc300000)
}
Event: 9.541 GC heap before
{Heap before GC invocations=15 (full 2):
 PSYoungGen      total 273408K, used 244397K [0x00000000eaa80000, 0x00000000ffa00000, 0x0000000100000000)
  eden space 211456K, 100% used [0x00000000eaa80000,0x00000000f7900000,0x00000000f7900000)
  from space 61952K, 53% used [0x00000000fbd80000,0x00000000fddab6a8,0x00000000ffa00000)
  to   space 66048K, 0% used [0x00000000f7900000,0x00000000f7900000,0x00000000fb980000)
 ParOldGen       total 283648K, used 184568K [0x00000000c0000000, 0x00000000d1500000, 0x00000000eaa80000)
  object space 283648K, 65% used [0x00000000c0000000,0x00000000cb43e338,0x00000000d1500000)
 PSPermGen       total 21504K, used 5804K [0x00000000bae00000, 0x00000000bc300000, 0x00000000c0000000)
  object space 21504K, 26% used [0x00000000bae00000,0x00000000bb3ab078,0x00000000bc300000)
Event: 9.579 GC heap after
Heap after GC invocations=15 (full 2):
 PSYoungGen      total 277504K, used 66026K [0x00000000eaa80000, 0x0000000100000000, 0x0000000100000000)
  eden space 211456K, 0% used [0x00000000eaa80000,0x00000000eaa80000,0x00000000f7900000)
  from space 66048K, 99% used [0x00000000f7900000,0x00000000fb97a828,0x00000000fb980000)
  to   space 72192K, 0% used [0x00000000fb980000,0x00000000fb980000,0x0000000100000000)
 ParOldGen       total 283648K, used 184715K [0x00000000c0000000, 0x00000000d1500000, 0x00000000eaa80000)
  object space 283648K, 65% used [0x00000000c0000000,0x00000000cb462d38,0x00000000d1500000)
 PSPermGen       total 21504K, used 5804K [0x00000000bae00000, 0x00000000bc300000, 0x00000000c0000000)
  object space 21504K, 26% used [0x00000000bae00000,0x00000000bb3ab078,0x00000000bc300000)
}
Event: 10.102 GC heap before
{Heap before GC invocations=16 (full 2):
 PSYoungGen      total 277504K, used 277482K [0x00000000eaa80000, 0x0000000100000000, 0x0000000100000000)
  eden space 211456K, 100% used [0x00000000eaa80000,0x00000000f7900000,0x00000000f7900000)
  from space 66048K, 99% used [0x00000000f7900000,0x00000000fb97a828,0x00000000fb980000)
  to   space 72192K, 0% used [0x00000000fb980000,0x00000000fb980000,0x0000000100000000)
 ParOldGen       total 283648K, used 184715K [0x00000000c0000000, 0x00000000d1500000, 0x00000000eaa80000)
  object space 283648K, 65% used [0x00000000c0000000,0x00000000cb462d38,0x00000000d1500000)
 PSPermGen       total 21504K, used 5809K [0x00000000bae00000, 0x00000000bc300000, 0x00000000c0000000)
  object space 21504K, 27% used [0x00000000bae00000,0x00000000bb3ac4d8,0x00000000bc300000)
Event: 10.178 GC heap after
Heap after GC invocations=16 (full 2):
 PSYoungGen      total 277504K, used 33873K [0x00000000eaa80000, 0x0000000100000000, 0x0000000100000000)
  eden space 205312K, 0% used [0x00000000eaa80000,0x00000000eaa80000,0x00000000f7300000)
  from space 72192K, 46% used [0x00000000fb980000,0x00000000fda94538,0x0000000100000000)
  to   space 72192K, 0% used [0x00000000f7300000,0x00000000f7300000,0x00000000fb980000)
 ParOldGen       total 283648K, used 249442K [0x00000000c0000000, 0x00000000d1500000, 0x00000000eaa80000)
  object space 283648K, 87% used [0x00000000c0000000,0x00000000cf398898,0x00000000d1500000)
 PSPermGen       total 21504K, used 5809K [0x00000000bae00000, 0x00000000bc300000, 0x00000000c0000000)
  object space 21504K, 27% used [0x00000000bae00000,0x00000000bb3ac4d8,0x00000000bc300000)
}
Event: 10.178 GC heap before
{Heap before GC invocations=17 (full 3):
 PSYoungGen      total 277504K, used 33873K [0x00000000eaa80000, 0x0000000100000000, 0x0000000100000000)
  eden space 205312K, 0% used [0x00000000eaa80000,0x00000000eaa80000,0x00000000f7300000)
  from space 72192K, 46% used [0x00000000fb980000,0x00000000fda94538,0x0000000100000000)
  to   space 72192K, 0% used [0x00000000f7300000,0x00000000f7300000,0x00000000fb980000)
 ParOldGen       total 283648K, used 249442K [0x00000000c0000000, 0x00000000d1500000, 0x00000000eaa80000)
  object space 283648K, 87% used [0x00000000c0000000,0x00000000cf398898,0x00000000d1500000)
 PSPermGen       total 21504K, used 5809K [0x00000000bae00000, 0x00000000bc300000, 0x00000000c0000000)
  object space 21504K, 27% used [0x00000000bae00000,0x00000000bb3ac4d8,0x00000000bc300000)
Event: 11.483 GC heap after
Heap after GC invocations=17 (full 3):
 PSYoungGen      total 277504K, used 0K [0x00000000eaa80000, 0x0000000100000000, 0x0000000100000000)
  eden space 205312K, 0% used [0x00000000eaa80000,0x00000000eaa80000,0x00000000f7300000)
  from space 72192K, 0% used [0x00000000fb980000,0x00000000fb980000,0x0000000100000000)
  to   space 72192K, 0% used [0x00000000f7300000,0x00000000f7300000,0x00000000fb980000)
 ParOldGen       total 463872K, used 281610K [0x00000000c0000000, 0x00000000dc500000, 0x00000000eaa80000)
  object space 463872K, 60% used [0x00000000c0000000,0x00000000d1302aa0,0x00000000dc500000)
 PSPermGen       total 21504K, used 5809K [0x00000000bae00000, 0x00000000bc300000, 0x00000000c0000000)
  object space 21504K, 27% used [0x00000000bae00000,0x00000000bb3ac478,0x00000000bc300000)
}
Event: 12.862 GC heap before
{Heap before GC invocations=18 (full 3):
 PSYoungGen      total 277504K, used 205312K [0x00000000eaa80000, 0x0000000100000000, 0x0000000100000000)
  eden space 205312K, 100% used [0x00000000eaa80000,0x00000000f7300000,0x00000000f7300000)
  from space 72192K, 0% used [0x00000000fb980000,0x00000000fb980000,0x0000000100000000)
  to   space 72192K, 0% used [0x00000000f7300000,0x00000000f7300000,0x00000000fb980000)
 ParOldGen       total 463872K, used 281610K [0x00000000c0000000, 0x00000000dc500000, 0x00000000eaa80000)
  object space 463872K, 60% used [0x00000000c0000000,0x00000000d1302aa0,0x00000000dc500000)
 PSPermGen       total 21504K, used 6076K [0x00000000bae00000, 0x00000000bc300000, 0x00000000c0000000)
  object space 21504K, 28% used [0x00000000bae00000,0x00000000bb3ef3d8,0x00000000bc300000)
Event: 12.891 GC heap after
Heap after GC invocations=18 (full 3):
 PSYoungGen      total 240640K, used 35037K [0x00000000eaa80000, 0x00000000ffa00000, 0x0000000100000000)
  eden space 205312K, 0% used [0x00000000eaa80000,0x00000000eaa80000,0x00000000f7300000)
  from space 35328K, 99% used [0x00000000f7300000,0x00000000f9537658,0x00000000f9580000)
  to   space 69120K, 0% used [0x00000000fb680000,0x00000000fb680000,0x00000000ffa00000)
 ParOldGen       total 463872K, used 281610K [0x00000000c0000000, 0x00000000dc500000, 0x00000000eaa80000)
  object space 463872K, 60% used [0x00000000c0000000,0x00000000d1302aa0,0x00000000dc500000)
 PSPermGen       total 21504K, used 6076K [0x00000000bae00000, 0x00000000bc300000, 0x00000000c0000000)
  object space 21504K, 28% used [0x00000000bae00000,0x00000000bb3ef3d8,0x00000000bc300000)
}

